     1                                  bits 32 
     2                                  
     3                                  global start        
     4                                  
     5                                  extern exit               
     6                                  import exit msvcrt.dll   
     7                                  
     8                                  ;[(a-b)*5+d]-2*c
     9                                  ;[(12-8)*5+27]-2*15
    10                                  ;(4*5+27)-30
    11                                  ;47-30=17
    12                                  segment data use32 class=DATA
    13 00000000 00000000                    rezult dd 0
    14 00000004 0C                          a db 12
    15 00000005 08                          b db 8
    16 00000006 0F                          c db 15
    17 00000007 1B00                        d dw 27
    18                                  
    19                                      
    20                                  segment code use32 class=CODE
    21                                      start:
    22                                      
    23 00000000 B800000000                  mov eax,0
    24 00000005 BB00000000                  mov ebx,0
    25 0000000A B900000000                  mov  ecx,0
    26 0000000F BA00000000                  mov edx,0
    27                                      
    28 00000014 A0[04000000]                mov al,[a]
    29 00000019 662B05[05000000]            sub ax,word[b]
    30 00000020 B105                        mov cl,5h
    31 00000022 F6E1                        mul byte cl
    32 00000024 6689C3                      mov bx,ax
    33                                      ;bx<-(a-b)*5
    34 00000027 66B80200                    mov ax,2
    35 0000002B F625[06000000]              mul byte[c]
    36                                      ;ax<-2*c
    37 00000031 66031D[07000000]            add bx,[d]
    38                                      ;bx<-[(a-b)*5+d]
    39 00000038 6629C3                      sub bx,ax
    40                                      ;bx<-[(a-b)*5+d]-2*c
    41                                      
    42                                      
    43 0000003B 66891D[00000000]            mov [rezult],bx
    44                                      
    45 00000042 6A00                           push    dword 0      
    46 00000044 FF15[00000000]                 call    [exit]  
