     1                                  bits 32 
     2                                  global start        
     3                                  
     4                                  extern exit               
     5                                  import exit msvcrt.dll    
     6                                                        
     7                                  ;c+a+b+b+a
     8                                  segment data use32 class=data
     9                                      ; ...
    10 00000000 FF                          a db 0_FFh
    11 00000001 FFFF                        b dw 0_FF_FFh
    12 00000003 FFFFFF0F                    c dd 0F_FF_FF_FFh
    13 00000007 FFFF000000000000            d dq 0FF_FFh
    14 0000000F 0000000000000000            aux dq 0
    15                                      
    16                                  segment code use32 class=code
    17                                      start:
    18 00000000 B800000000                      mov eax,0
    19 00000005 BB00000000                      mov ebx,0
    20 0000000A B900000000                      mov ecx,0
    21 0000000F BA00000000                      mov edx,0
    22                                          
    23 00000014 8B0D[03000000]                  mov ecx,[c]
    24 0000001A A0[00000000]                    mov al,[a]
    25 0000001F 6698                            cbw
    26 00000021 6699                            cwd
    27 00000023 6652                            push dx
    28 00000025 6650                            push ax
    29 00000027 58                              pop eax
    30 00000028 01C1                            add ecx,eax
    31 0000002A B800000000                      mov eax,0
    32 0000002F 66A1[01000000]                  mov ax,[b]
    33 00000035 6699                            cwd
    34 00000037 6652                            push dx
    35 00000039 6650                            push ax
    36 0000003B 58                              pop eax
    37 0000003C 01C1                            add ecx,eax
    38 0000003E 01C1                            add ecx,eax
    39                                          
    40 00000040 66BA0000                        mov dx,0
    41 00000044 66B80000                        mov ax,0
    42 00000048 A0[00000000]                    mov al,[a]
    43 0000004D 6698                            cbw
    44 0000004F 6699                            cwd
    45 00000051 6652                            push dx
    46 00000053 6650                            push ax
    47 00000055 58                              pop eax
    48 00000056 01C1                            add ecx,eax
    49                                          
    50                                          ;rezult is in ecx
    51                                          
    52                                          
    53                                          
    54                                          
    55 00000058 6A00                            push    dword 0      ; push the parameter for exit onto the stack
    56 0000005A FF15[00000000]                  call    [exit]       ; call exit to terminate the program
