     1                                  bits 32
     2                                  global start
     3                                  
     4                                  extern exit,fopen,fprintf,fclose
     5                                  import exit msvcrt.dll
     6                                  import fopen msvcrt.dll
     7                                  import fclose msvcrt.dll
     8                                  import fprintf msvcrt.dll
     9                                  
    10                                  segment data use32 class=data
    11 00000000 66696C652E74787400      	file_name db "file.txt",0
    12 00000009 7700                    	acces_mode db 'w',0
    13 0000000B <res 00000004>          	file_descriptor resd 1
    14 0000000F 48656C6C6F21205468-     	text db "Hello! This is a test text with 123 and special characters #$%",0
    14 00000018 697320697320612074-
    14 00000021 657374207465787420-
    14 0000002A 776974682031323320-
    14 00000033 616E64207370656369-
    14 0000003C 616C20636861726163-
    14 00000045 746572732023242500 
    15 0000004E 3E                      	output_text db $-text-1
    16 0000004F 00                      				db 0
    17                                  
    18                                  segment code use32 class=code
    19                                  start:
    20                                  	; Replace special characters with 'X'
    21 00000000 8D35[0F000000]          		lea esi, [text]
    22 00000006 8D3D[4E000000]          		lea edi, [output_text]
    23 0000000C B900000000              		mov ecx, 0
    24                                  
    25                                  	replace_special_chars:
    26 00000011 8A040E                  		mov al, [esi + ecx]
    27 00000014 3C00                    		cmp al, 0
    28 00000016 7428                    		je  write_to_file
    29                                  
    30 00000018 3C20                    		cmp al,' '
    31 0000001A 7418                    		je not_special_char
    32 0000001C 3C30                    		cmp al, '0'
    33 0000001E 7219                    		jb  is_special_char
    34 00000020 3C39                    		cmp al, '9'
    35 00000022 7610                    		jbe not_special_char
    36 00000024 3C41                    		cmp al, 'A'
    37 00000026 7211                    		jb  is_special_char
    38 00000028 3C5A                    		cmp al, 'Z'
    39 0000002A 7608                    		jbe not_special_char
    40 0000002C 3C61                    		cmp al, 'a'
    41 0000002E 7209                    		jb  is_special_char
    42 00000030 3C7A                    		cmp al, 'z'
    43 00000032 7600                    		jbe not_special_char
    44                                  
    45                                  	not_special_char:
    46 00000034 88040F                  		mov [edi + ecx], al
    47 00000037 EB04                    		jmp continue_loop
    48                                  
    49                                  	is_special_char:
    50 00000039 C6040F58                		mov byte [edi + ecx], 'X'
    51                                  
    52                                  	continue_loop:
    53 0000003D 41                      		inc ecx
    54 0000003E EBD1                    		jmp replace_special_chars
    55                                  
    56                                  	write_to_file:
    57 00000040 68[09000000]            		push dword acces_mode
    58 00000045 68[00000000]            		push dword file_name
    59 0000004A FF15[00000000]          		call[fopen]
    60 00000050 83C408                  		add esp,4*2
    61 00000053 A3[0B000000]            		mov [file_descriptor],eax
    62                                  
    63 00000058 83F800                  		cmp eax,0
    64 0000005B 7423                    		je final
    65 0000005D 68[4E000000]            		push dword output_text
    66 00000062 FF35[0B000000]          		push dword [file_descriptor]
    67 00000068 FF15[00000000]          		call [fprintf]
    68 0000006E 83C408                  		add esp,4*2
    69                                  
    70 00000071 FF35[0B000000]          		push dword [file_descriptor]
    71 00000077 FF15[00000000]          		call [fclose]
    72 0000007D 83C404                  		add esp,4
    73                                  
    74                                  
    75                                  	final:
    76 00000080 6A00                    	push dword 0 
    77 00000082 FF15[00000000]          	call [exit] 
