     1                                  bits 32
     2                                  global start
     3                                  
     4                                  extern exit,printf,scanf
     5                                  import exit msvcrt.dll
     6                                  import printf msvcrt.dll
     7                                  import scanf msvcrt.dll
     8                                  
     9                                  segment data use32 class=data
    10 00000000 00000000                	a dd 0
    11 00000004 00000000                	b dd 0
    12 00000008 613D00                  	a_eq db "a=",0
    13 0000000B 623D00                  	b_eq db "b=",0
    14 0000000E 256400                  	decimal_format db "%d",0
    15 00000011 612B623D257800          	hexa_format db "a+b=%x",0
    16                                  	
    17                                  segment code use32 class=code
    18                                  start:
    19 00000000 68[08000000]            	push dword a_eq
    20 00000005 FF15[00000000]          	call [printf]
    21 0000000B 83C404                  	add esp,4*1
    22                                  
    23 0000000E 68[00000000]            	push dword a
    24 00000013 68[0E000000]            	push dword decimal_format
    25 00000018 FF15[00000000]          	call [scanf]
    26 0000001E 83C408                  	add esp,4*2
    27                                  
    28 00000021 68[0B000000]            	push dword b_eq
    29 00000026 FF15[00000000]          	call [printf]
    30 0000002C 83C404                  	add esp,4*1
    31                                  
    32 0000002F 68[04000000]            	push dword b
    33 00000034 68[0E000000]            	push dword decimal_format
    34 00000039 FF15[00000000]          	call [scanf]
    35 0000003F 83C408                  	add esp,4*2
    36                                  
    37 00000042 A1[00000000]            	mov eax,[a]
    38 00000047 0305[04000000]          	add eax,[b]
    39                                  
    40 0000004D 50                      	push dword eax
    41 0000004E 68[11000000]            	push dword hexa_format
    42 00000053 FF15[00000000]          	call[printf]
    43 00000059 83C408                  	add esp,4*2
    44 0000005C 6A00                    	push dword 0 
    45 0000005E FF15[00000000]          	call [exit] 
