     1                                  bits 32 
     2                                  
     3                                  global start        
     4                                  
     5                                  extern exit               
     6                                  import exit msvcrt.dll     
     7                                  
     8                                  ;(a-b+c)-(d+d)
     9                                  ;(12-8+15)-(27+27)
    10                                  ;19-54=-35
    11                                  
    12                                  segment data use32 class=DATA
    13 00000000 00000000                    rezult dd 0
    14 00000004 0C00                        a dw 12
    15 00000006 0800                        b dw 8
    16 00000008 0F00                        c dw 15
    17 0000000A 1B00                        d dw 27
    18                                      
    19                                  segment code use32 class=CODE
    20                                      start:
    21                                      
    22 00000000 B800000000                  mov eax,0
    23 00000005 BB00000000                  mov ebx,0
    24 0000000A B900000000                  mov ecx,0
    25 0000000F BA00000000                  mov edx,0
    26 00000014 66A1[04000000]              mov ax, [a]
    27 0000001A 668B1D[06000000]            mov bx, [b]
    28 00000021 668B0D[08000000]            mov cx, [c]
    29 00000028 668B15[0A000000]            mov dx, [d]
    30                                      
    31 0000002F 29D8                        sub eax,ebx
    32 00000031 01C8                        add eax,ecx
    33 00000033 01D2                        add edx,edx
    34 00000035 29D0                        sub eax,edx
    35 00000037 A3[00000000]                mov [rezult],eax
    36                                      
    37 0000003C 6A00                           push    dword 0      
    38 0000003E FF15[00000000]                 call    [exit]  
