     1                                  bits 32 
     2                                  global start        
     3                                  
     4                                  extern exit               
     5                                  import exit msvcrt.dll    
     6                                                        
     7                                  ;a+b-c+(d-a)
     8                                  
     9                                  segment data use32 class=data
    10                                      ; ...
    11 00000000 FF                          a db 0FFh
    12 00000001 FFFF                        b dw 0FFFFh
    13 00000003 45230000                    c dd 2345h
    14 00000007 8A12121B12000000            d dq 12_1B_12_12_8Ah
    15 0000000F 00                          blank db 0h
    16 00000010 <res 00000008>              r resq 1
    17                                      ; ...
    18                                  segment code use32 class=code
    19                                      start:
    20 00000000 B800000000                      mov eax,0
    21 00000005 BB00000000                      mov ebx,0
    22 0000000A B900000000                      mov ecx,0
    23 0000000F BA00000000                      mov edx,0
    24                                          
    25 00000014 A0[00000000]                    mov al,[a]
    26 00000019 668B1D[01000000]                mov bx,[b]
    27 00000020 6601C3                          add bx,ax
    28                                          ;bx<a+b
    29 00000023 A1[03000000]                    mov eax,[c]
    30 00000028 29C3                            sub ebx,eax
    31                                          ;ebx<-a+b-c
    32 0000002A A0[00000000]                    mov al,[a]
    33 0000002F 2905[07000000]                  sub dword [d+0],eax
    34 00000035 831D[0B000000]00                sbb dword [d+4],0h
    35 0000003C 011D[0B000000]                  add dword [d+4],ebx
    36 00000042 8315[07000000]00                adc dword [d+0],0h
    37                                          
    38                                          
    39 00000049 6A00                            push    dword 0      ; push the parameter for exit onto the stack
    40 0000004B FF15[00000000]                  call    [exit]       ; call exit to terminate the program
